e:\users\ryan\compute shader\compute shader\debug\vc140.pdb
e:\users\ryan\compute shader\compute shader\debug\vc140.idb
e:\users\ryan\compute shader\compute shader\debug\render_to_texture.obj
e:\users\ryan\compute shader\compute shader\debug\load.obj
e:\users\ryan\compute shader\compute shader\debug\homework 4.obj
e:\users\ryan\compute shader\compute shader\debug\compute.cso
e:\users\ryan\compute shader\compute shader\debug\voxel.cso
e:\users\ryan\compute shader\compute shader\debug\shader.cso
e:\users\ryan\compute shader\compute shader\debug\bloomshader.cso
e:\users\ryan\compute shader\compute shader\debug\shadowshader.cso
e:\users\ryan\compute shader\compute shader\debug\vlshader.cso
e:\users\ryan\compute shader\compute shader\debug\homework 4.ilk
e:\users\ryan\compute shader\compute shader\debug\homework 4.exe
e:\users\ryan\compute shader\compute shader\debug\homework 4.pdb
e:\users\ryan\compute shader\compute shader\debug\homework 8.res
e:\users\ryan\compute shader\compute shader\debug\homework 4.tlog\cl.command.1.tlog
e:\users\ryan\compute shader\compute shader\debug\homework 4.tlog\cl.read.1.tlog
e:\users\ryan\compute shader\compute shader\debug\homework 4.tlog\cl.write.1.tlog
e:\users\ryan\compute shader\compute shader\debug\homework 4.tlog\homework 4.write.1u.tlog
e:\users\ryan\compute shader\compute shader\debug\homework 4.tlog\link.command.1.tlog
e:\users\ryan\compute shader\compute shader\debug\homework 4.tlog\link.read.1.tlog
e:\users\ryan\compute shader\compute shader\debug\homework 4.tlog\link.write.1.tlog
e:\users\ryan\compute shader\compute shader\debug\homework 4.tlog\rc.command.1.tlog
e:\users\ryan\compute shader\compute shader\debug\homework 4.tlog\rc.read.1.tlog
e:\users\ryan\compute shader\compute shader\debug\homework 4.tlog\rc.write.1.tlog
